[debug] [2023-11-24T13:38:30.937Z] ----------------------------------------------------------------------
[debug] [2023-11-24T13:38:30.939Z] Command:       C:\Program Files\nodejs\node.exe C:\Program Files\nodejs\node_modules\firebase-tools\lib\bin\firebase.js init
[debug] [2023-11-24T13:38:30.939Z] CLI Version:   12.9.1
[debug] [2023-11-24T13:38:30.940Z] Platform:      win32
[debug] [2023-11-24T13:38:30.940Z] Node Version:  v16.15.0
[debug] [2023-11-24T13:38:30.941Z] Time:          Fri Nov 24 2023 19:08:30 GMT+0530 (India Standard Time)
[debug] [2023-11-24T13:38:30.941Z] ----------------------------------------------------------------------
[debug] 
[debug] [2023-11-24T13:38:30.948Z] > command requires scopes: ["email","openid","https://www.googleapis.com/auth/cloudplatformprojects.readonly","https://www.googleapis.com/auth/firebase","https://www.googleapis.com/auth/cloud-platform"]
[debug] [2023-11-24T13:38:30.948Z] > authorizing via signed-in user (shahnwaz.ahmad.151564@gmail.com)
[info] 
     ######## #### ########  ######## ########     ###     ######  ########
     ##        ##  ##     ## ##       ##     ##  ##   ##  ##       ##
     ######    ##  ########  ######   ########  #########  ######  ######
     ##        ##  ##    ##  ##       ##     ## ##     ##       ## ##
     ##       #### ##     ## ######## ########  ##     ##  ######  ########

You're about to initialize a Firebase project in this directory:

  D:\my apps\Portfolio

[info] 
=== Project Setup
[info] 
[info] First, let's associate this project directory with a Firebase project.
[info] You can create multiple project aliases by running firebase use --add, 
[info] but for now we'll just set up a default project.
[info] 
[debug] [2023-11-24T13:40:09.308Z] >>> [apiv2][query] GET https://firebase.googleapis.com/v1beta1/projects pageSize=100
[debug] [2023-11-24T13:40:10.466Z] <<< [apiv2][status] GET https://firebase.googleapis.com/v1beta1/projects 200
[debug] [2023-11-24T13:40:10.467Z] <<< [apiv2][body] GET https://firebase.googleapis.com/v1beta1/projects [omitted]
[info] i  Using project shahnwazahmad-7f815 (shahnwazAhmad) 
[info] 
=== Hosting Setup
[debug] [2023-11-24T13:40:14.687Z] >>> [apiv2][query] GET https://firebase.googleapis.com/v1beta1/projects/shahnwazahmad-7f815 [none]
[debug] [2023-11-24T13:40:15.257Z] <<< [apiv2][status] GET https://firebase.googleapis.com/v1beta1/projects/shahnwazahmad-7f815 200
[debug] [2023-11-24T13:40:15.258Z] <<< [apiv2][body] GET https://firebase.googleapis.com/v1beta1/projects/shahnwazahmad-7f815 {"projectId":"shahnwazahmad-7f815","projectNumber":"460446298401","displayName":"shahnwazAhmad","name":"projects/shahnwazahmad-7f815","resources":{"hostingSite":"shahnwazahmad-7f815"},"state":"ACTIVE","etag":"1_98dee0d5-88e2-483c-9adc-5a0bcf3fdcf1"}
[info] 
[info] Your public directory is the folder (relative to your project directory) that
[info] will contain Hosting assets to be uploaded with firebase deploy. If you
[info] have a build process for your assets, use your build's output directory.
[info] 
[info] +  Wrote portfolio/404.html 
[debug] [2023-11-24T13:40:43.499Z] >>> [apiv2][query] GET https://www.gstatic.com/firebasejs/releases.json [none]
[debug] [2023-11-24T13:40:43.866Z] <<< [apiv2][status] GET https://www.gstatic.com/firebasejs/releases.json 200
[debug] [2023-11-24T13:40:43.866Z] <<< [apiv2][body] GET https://www.gstatic.com/firebasejs/releases.json {"current":{"version":"10.6.0","browserURL":"https://www.gstatic.com/firebasejs/10.6.0/firebase.js","packageURL":"https://www.gstatic.com/firebasejs/10.6.0/firebase.tgz"},"live":{"version":"10.6","browserURL":"https://www.gstatic.com/firebasejs/live/10.6/firebase.js","packageURL":"https://www.gstatic.com/firebasejs/live/10.6/firebase.tgz"},"components":{"analytics":"https://www.gstatic.com/firebasejs/10.6.0/firebase-analytics.js","app":"https://www.gstatic.com/firebasejs/10.6.0/firebase-app.js","app-check":"https://www.gstatic.com/firebasejs/10.6.0/firebase-app-check.js","auth":"https://www.gstatic.com/firebasejs/10.6.0/firebase-auth.js","auth/cordova":"https://www.gstatic.com/firebasejs/10.6.0/firebase-auth/cordova.js","functions":"https://www.gstatic.com/firebasejs/10.6.0/firebase-functions.js","firestore":"https://www.gstatic.com/firebasejs/10.6.0/firebase-firestore.js","firestore/lite":"https://www.gstatic.com/firebasejs/10.6.0/firebase-firestore/lite.js","installations":"https://www.gstatic.com/firebasejs/10.6.0/firebase-installations.js","storage":"https://www.gstatic.com/firebasejs/10.6.0/firebase-storage.js","performance":"https://www.gstatic.com/firebasejs/10.6.0/firebase-performance.js","remote-config":"https://www.gstatic.com/firebasejs/10.6.0/firebase-remote-config.js","messaging":"https://www.gstatic.com/firebasejs/10.6.0/firebase-messaging.js","messaging/sw":"https://www.gstatic.com/firebasejs/10.6.0/firebase-messaging/sw.js","database":"https://www.gstatic.com/firebasejs/10.6.0/firebase-database.js","firestore.memory":"https://www.gstatic.com/firebasejs/10.6.0/firebase-firestore.memory.js"}}
[info] +  Wrote portfolio/index.html 
[info] 
[info] i  Detected a .git folder at D:\my apps\Portfolio 
[info] i  Authorizing with GitHub to upload your service account to a GitHub repository's secrets store. 
[info] 
[info] Visit this URL on this device to log in:
[info] https://github.com/login/oauth/authorize?client_id=89cf50f02ac6aaed3484&state=236143294&redirect_uri=http%3A%2F%2Flocalhost%3A9005&scope=read%3Auser%20repo%20public_repo
[info] 
[info] Waiting for authentication...
[debug] [2023-11-24T13:40:52.449Z] >>> [apiv2][query] POST https://github.com/login/oauth/access_token [none]
[debug] [2023-11-24T13:40:52.449Z] >>> [apiv2][body] POST https://github.com/login/oauth/access_token [stream]
[debug] [2023-11-24T13:40:52.976Z] <<< [apiv2][status] POST https://github.com/login/oauth/access_token 200
[debug] [2023-11-24T13:40:52.977Z] <<< [apiv2][body] POST https://github.com/login/oauth/access_token {"access_token":"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","token_type":"bearer","scope":"read:user,repo"}
[debug] [2023-11-24T13:40:53.011Z] >>> [apiv2][query] GET https://api.github.com/user [none]
[debug] [2023-11-24T13:40:53.558Z] <<< [apiv2][status] GET https://api.github.com/user 200
[debug] [2023-11-24T13:40:53.559Z] <<< [apiv2][body] GET https://api.github.com/user {"login":"ShahnwazTheTrueCoder","id":100668067,"node_id":"U_kgDOBgASow","avatar_url":"https://avatars.githubusercontent.com/u/100668067?v=4","gravatar_id":"","url":"https://api.github.com/users/ShahnwazTheTrueCoder","html_url":"https://github.com/ShahnwazTheTrueCoder","followers_url":"https://api.github.com/users/ShahnwazTheTrueCoder/followers","following_url":"https://api.github.com/users/ShahnwazTheTrueCoder/following{/other_user}","gists_url":"https://api.github.com/users/ShahnwazTheTrueCoder/gists{/gist_id}","starred_url":"https://api.github.com/users/ShahnwazTheTrueCoder/starred{/owner}{/repo}","subscriptions_url":"https://api.github.com/users/ShahnwazTheTrueCoder/subscriptions","organizations_url":"https://api.github.com/users/ShahnwazTheTrueCoder/orgs","repos_url":"https://api.github.com/users/ShahnwazTheTrueCoder/repos","events_url":"https://api.github.com/users/ShahnwazTheTrueCoder/events{/privacy}","received_events_url":"https://api.github.com/users/ShahnwazTheTrueCoder/received_events","type":"User","site_admin":false,"name":"Shahnwaz","company":null,"blog":"","location":null,"email":null,"hireable":null,"bio":null,"twitter_username":null,"public_repos":9,"public_gists":0,"followers":0,"following":0,"created_at":"2022-03-01T06:12:58Z","updated_at":"2023-11-24T09:36:06Z","private_gists":0,"total_private_repos":1,"owned_private_repos":1,"disk_usage":5327,"collaborators":0,"two_factor_authentication":false,"plan":{"name":"free","space":976562499,"collaborators":0,"private_repos":10000}}
[info] 
[info] +  Success! Logged into GitHub as ShahnwazTheTrueCoder 
[info] 
